2023-11-12 14:26:39,216 INFO o.a.j.u.JMeterUtils: Setting Locale to en_EN
2023-11-12 14:26:39,235 INFO o.a.j.JMeter: Loading user properties from: D:\apache-jmeter-5.6.2\apache-jmeter-5.6.2\bin\user.properties
2023-11-12 14:26:39,236 INFO o.a.j.JMeter: Loading system properties from: D:\apache-jmeter-5.6.2\apache-jmeter-5.6.2\bin\system.properties
2023-11-12 14:26:39,244 INFO o.a.j.JMeter: Copyright (c) 1998-2023 The Apache Software Foundation
2023-11-12 14:26:39,244 INFO o.a.j.JMeter: Version 5.6.2
2023-11-12 14:26:39,244 INFO o.a.j.JMeter: java.version=21.0.1
2023-11-12 14:26:39,244 INFO o.a.j.JMeter: java.vm.name=Java HotSpot(TM) 64-Bit Server VM
2023-11-12 14:26:39,244 INFO o.a.j.JMeter: os.name=Windows 11
2023-11-12 14:26:39,244 INFO o.a.j.JMeter: os.arch=amd64
2023-11-12 14:26:39,245 INFO o.a.j.JMeter: os.version=10.0
2023-11-12 14:26:39,245 INFO o.a.j.JMeter: file.encoding=UTF-8
2023-11-12 14:26:39,245 INFO o.a.j.JMeter: java.awt.headless=true
2023-11-12 14:26:39,245 INFO o.a.j.JMeter: Max memory     =1073741824
2023-11-12 14:26:39,245 INFO o.a.j.JMeter: Available Processors =6
2023-11-12 14:26:39,256 INFO o.a.j.JMeter: Default Locale=English (EN)
2023-11-12 14:26:39,256 INFO o.a.j.JMeter: JMeter  Locale=English (EN)
2023-11-12 14:26:39,256 INFO o.a.j.JMeter: JMeterHome=D:\apache-jmeter-5.6.2\apache-jmeter-5.6.2
2023-11-12 14:26:39,256 INFO o.a.j.JMeter: user.dir  =D:\Binar\result\Challenge\app
2023-11-12 14:26:39,256 INFO o.a.j.JMeter: PWD       =D:\Binar\result\Challenge\app
2023-11-12 14:26:39,613 INFO o.a.j.JMeter: IP: 192.168.0.5 Name: LAPTOP-MGC6RDQV FullName: 192.168.0.5
2023-11-12 14:26:39,626 INFO o.a.j.JMeter: Setting property 'jmeter.reportgenerator.outputdir' to:'D:\Binar\result\Challenge\app\APPReportJmeyterHTML'
2023-11-12 14:26:39,629 INFO o.a.j.r.d.ReportGenerator: ReportGenerator will use for Parsing the separator: ','
2023-11-12 14:26:39,629 INFO o.a.j.r.d.ReportGenerator: Will only generate report from results file: APPSecondhand.jtl
2023-11-12 14:26:39,630 INFO o.a.j.r.d.ReportGenerator: Reading report generator properties from: D:\apache-jmeter-5.6.2\apache-jmeter-5.6.2\bin\reportgenerator.properties
2023-11-12 14:26:39,661 INFO o.a.j.r.d.ReportGenerator: Merging with JMeter properties
2023-11-12 14:26:39,665 INFO o.a.j.r.c.ReportGeneratorConfiguration: Property 'jmeter.reportgenerator.temp_dir' not found, using default value 'temp' instead.
2023-11-12 14:26:39,667 INFO o.a.j.r.c.ReportGeneratorConfiguration: Property 'jmeter.reportgenerator.apdex_per_transaction' not found, using default value 'null' instead.
2023-11-12 14:26:39,678 INFO o.a.j.r.c.ReportGeneratorConfiguration: apdex_per_transaction is empty, not APDEX per transaction customization
2023-11-12 14:26:39,678 INFO o.a.j.r.c.ReportGeneratorConfiguration: Property 'jmeter.reportgenerator.sample_filter' not found, using default value 'null' instead.
2023-11-12 14:26:39,679 INFO o.a.j.r.c.ReportGeneratorConfiguration: Property 'jmeter.reportgenerator.report_title' not found, using default value 'null' instead.
2023-11-12 14:26:39,679 INFO o.a.j.r.c.ReportGeneratorConfiguration: Property 'jmeter.reportgenerator.start_date' not found, using default value 'null' instead.
2023-11-12 14:26:39,679 INFO o.a.j.r.c.ReportGeneratorConfiguration: Property 'jmeter.reportgenerator.end_date' not found, using default value 'null' instead.
2023-11-12 14:26:39,679 INFO o.a.j.r.c.ReportGeneratorConfiguration: Property 'jmeter.reportgenerator.date_format' not found, using default value 'null' instead.
2023-11-12 14:26:39,683 INFO o.a.j.r.c.ReportGeneratorConfiguration: Will use date range start date: null, end date: null
2023-11-12 14:26:39,686 INFO o.a.j.r.c.ReportGeneratorConfiguration: Property 'jmeter.reportgenerator.graph.totalTPS.exclude_controllers' not found, using default value 'false' instead.
2023-11-12 14:26:39,687 INFO o.a.j.r.c.ReportGeneratorConfiguration: Property 'jmeter.reportgenerator.graph.activeThreadsOverTime.exclude_controllers' not found, using default value 'false' instead.
2023-11-12 14:26:39,687 INFO o.a.j.r.c.ReportGeneratorConfiguration: Property 'jmeter.reportgenerator.graph.timeVsThreads.exclude_controllers' not found, using default value 'false' instead.
2023-11-12 14:26:39,687 INFO o.a.j.r.c.ReportGeneratorConfiguration: Property 'jmeter.reportgenerator.graph.responseTimeDistribution.exclude_controllers' not found, using default value 'false' instead.
2023-11-12 14:26:39,687 INFO o.a.j.r.c.ReportGeneratorConfiguration: Property 'jmeter.reportgenerator.graph.transactionsPerSecond.exclude_controllers' not found, using default value 'false' instead.
2023-11-12 14:26:39,687 INFO o.a.j.r.c.ReportGeneratorConfiguration: Property 'jmeter.reportgenerator.graph.responseTimePercentiles.exclude_controllers' not found, using default value 'false' instead.
2023-11-12 14:26:39,688 INFO o.a.j.r.c.ReportGeneratorConfiguration: Property 'jmeter.reportgenerator.graph.responseTimePercentilesOverTime.exclude_controllers' not found, using default value 'false' instead.
2023-11-12 14:26:39,688 INFO o.a.j.r.c.ReportGeneratorConfiguration: Property 'jmeter.reportgenerator.graph.responseTimesOverTime.exclude_controllers' not found, using default value 'false' instead.
2023-11-12 14:26:39,688 INFO o.a.j.r.c.ReportGeneratorConfiguration: Property 'jmeter.reportgenerator.graph.connectTimeOverTime.exclude_controllers' not found, using default value 'false' instead.
2023-11-12 14:26:39,688 INFO o.a.j.r.c.ReportGeneratorConfiguration: Property 'jmeter.reportgenerator.graph.latenciesOverTime.exclude_controllers' not found, using default value 'false' instead.
2023-11-12 14:26:39,689 INFO o.a.j.r.c.ReportGeneratorConfiguration: Property 'jmeter.reportgenerator.exporter.json.filters_only_sample_series' not found, using default value 'true' instead.
2023-11-12 14:26:39,689 INFO o.a.j.r.c.ReportGeneratorConfiguration: Property 'jmeter.reportgenerator.exporter.json.series_filter' not found, using default value '' instead.
2023-11-12 14:26:39,689 INFO o.a.j.r.c.ReportGeneratorConfiguration: Property 'jmeter.reportgenerator.exporter.json.show_controllers_only' not found, using default value 'false' instead.
2023-11-12 14:26:39,690 INFO o.a.j.r.c.ReportGeneratorConfiguration: Property 'jmeter.reportgenerator.exporter.html.filters_only_sample_series' not found, using default value 'true' instead.
2023-11-12 14:26:39,690 INFO o.a.j.r.c.ReportGeneratorConfiguration: Property 'jmeter.reportgenerator.exporter.html.series_filter' not found, using default value '' instead.
2023-11-12 14:26:39,690 INFO o.a.j.r.c.ReportGeneratorConfiguration: Property 'jmeter.reportgenerator.exporter.html.show_controllers_only' not found, using default value 'false' instead.
2023-11-12 14:26:39,886 INFO o.a.j.s.SaveService: Testplan (JMX) version: 2.2. Testlog (JTL) version: 2.2
2023-11-12 14:26:39,919 INFO o.a.j.s.SaveService: Using SaveService properties version 5.0
2023-11-12 14:26:39,924 INFO o.a.j.s.SaveService: Using SaveService properties file encoding UTF-8
2023-11-12 14:26:39,954 INFO o.a.j.r.p.NormalizerSampleConsumer: Using format, 'ms', to parse timeStamp field
2023-11-12 14:26:40,224 INFO o.a.j.r.p.AbstractSampleConsumer: class org.apache.jmeter.report.processor.AggregateConsumer#stopProducing(): beginDate produced 0 samples
2023-11-12 14:26:40,224 INFO o.a.j.r.p.AbstractSampleConsumer: class org.apache.jmeter.report.processor.AggregateConsumer#stopProducing(): endDate produced 0 samples
2023-11-12 14:26:40,226 INFO o.a.j.r.p.AbstractSampleConsumer: class org.apache.jmeter.report.processor.ApdexSummaryConsumer#stopProducing(): apdexSummary produced 0 samples
2023-11-12 14:26:40,226 INFO o.a.j.r.p.AbstractSampleConsumer: class org.apache.jmeter.report.processor.RequestsSummaryConsumer#stopProducing(): requestsSummary produced 0 samples
2023-11-12 14:26:40,233 INFO o.a.j.r.p.AbstractSampleConsumer: class org.apache.jmeter.report.processor.StatisticsSummaryConsumer#stopProducing(): statisticsSummary produced 0 samples
2023-11-12 14:26:40,235 INFO o.a.j.r.p.AbstractSampleConsumer: class org.apache.jmeter.report.processor.Top5ErrorsBySamplerConsumer#stopProducing(): top5ErrorsBySampler produced 0 samples
2023-11-12 14:26:40,236 INFO o.a.j.r.p.AbstractSampleConsumer: class org.apache.jmeter.report.processor.ErrorsSummaryConsumer#stopProducing(): errorsSummary produced 0 samples
2023-11-12 14:26:40,236 INFO o.a.j.r.p.AbstractSampleConsumer: class org.apache.jmeter.report.processor.graph.impl.HitsPerSecondGraphConsumer#stopProducing(): hitsPerSecond produced 0 samples
2023-11-12 14:26:40,334 INFO o.a.j.r.p.AbstractSampleConsumer: class org.apache.jmeter.report.processor.graph.impl.LatencyVSRequestGraphConsumer#stopProducing(): latencyVsRequest produced 0 samples
2023-11-12 14:26:40,337 INFO o.a.j.r.p.AbstractSampleConsumer: class org.apache.jmeter.report.processor.graph.impl.SyntheticResponseTimeDistributionGraphConsumer#stopProducing(): syntheticResponseTimeDistribution produced 0 samples
2023-11-12 14:26:40,338 INFO o.a.j.r.p.AbstractSampleConsumer: class org.apache.jmeter.report.processor.graph.impl.BytesThroughputGraphConsumer#stopProducing(): bytesThroughputOverTime produced 0 samples
2023-11-12 14:26:40,338 INFO o.a.j.r.p.AbstractSampleConsumer: class org.apache.jmeter.report.processor.graph.impl.CodesPerSecondGraphConsumer#stopProducing(): codesPerSecond produced 0 samples
2023-11-12 14:26:40,373 INFO o.a.j.r.p.AbstractSampleConsumer: class org.apache.jmeter.report.processor.graph.impl.ResponseTimeVSRequestGraphConsumer#stopProducing(): responseTimeVsRequest produced 0 samples
2023-11-12 14:26:40,376 INFO o.a.j.r.p.AbstractSampleConsumer: class org.apache.jmeter.report.processor.FilterConsumer#stopProducing(): startIntervalControlerFilter produced 15400 samples
2023-11-12 14:26:40,376 INFO o.a.j.r.p.AbstractSampleConsumer: class org.apache.jmeter.report.processor.graph.impl.TotalTPSGraphConsumer#stopProducing(): totalTPS produced 0 samples
2023-11-12 14:26:40,376 INFO o.a.j.r.p.AbstractSampleConsumer: class org.apache.jmeter.report.processor.graph.impl.ActiveThreadsGraphConsumer#stopProducing(): activeThreadsOverTime produced 0 samples
2023-11-12 14:26:40,376 INFO o.a.j.r.p.AbstractSampleConsumer: class org.apache.jmeter.report.processor.graph.impl.TimeVSThreadGraphConsumer#stopProducing(): timeVsThreads produced 0 samples
2023-11-12 14:26:40,376 INFO o.a.j.r.p.AbstractSampleConsumer: class org.apache.jmeter.report.processor.graph.impl.ResponseTimeDistributionGraphConsumer#stopProducing(): responseTimeDistribution produced 0 samples
2023-11-12 14:26:40,377 INFO o.a.j.r.p.AbstractSampleConsumer: class org.apache.jmeter.report.processor.graph.impl.TransactionsPerSecondGraphConsumer#stopProducing(): transactionsPerSecond produced 0 samples
2023-11-12 14:26:40,377 INFO o.a.j.r.p.AbstractSampleConsumer: class org.apache.jmeter.report.processor.graph.impl.ResponseTimePercentilesGraphConsumer#stopProducing(): responseTimePercentiles produced 0 samples
2023-11-12 14:26:40,383 INFO o.a.j.r.p.AbstractSampleConsumer: class org.apache.jmeter.report.processor.graph.impl.ResponseTimePercentilesOverTimeGraphConsumer#stopProducing(): responseTimePercentilesOverTime produced 0 samples
2023-11-12 14:26:40,384 INFO o.a.j.r.p.AbstractSampleConsumer: class org.apache.jmeter.report.processor.graph.impl.ResponseTimeOverTimeGraphConsumer#stopProducing(): responseTimesOverTime produced 0 samples
2023-11-12 14:26:40,384 INFO o.a.j.r.p.AbstractSampleConsumer: class org.apache.jmeter.report.processor.graph.impl.ConnectTimeOverTimeGraphConsumer#stopProducing(): connectTimeOverTime produced 0 samples
2023-11-12 14:26:40,384 INFO o.a.j.r.p.AbstractSampleConsumer: class org.apache.jmeter.report.processor.graph.impl.LatencyOverTimeGraphConsumer#stopProducing(): latenciesOverTime produced 0 samples
2023-11-12 14:26:40,384 INFO o.a.j.r.p.AbstractSampleConsumer: class org.apache.jmeter.report.processor.FilterConsumer#stopProducing(): nameFilter produced 33000 samples
2023-11-12 14:26:40,384 INFO o.a.j.r.p.AbstractSampleConsumer: class org.apache.jmeter.report.processor.FilterConsumer#stopProducing(): dateRangeFilter produced 6600 samples
2023-11-12 14:26:40,384 INFO o.a.j.r.p.AbstractSampleConsumer: class org.apache.jmeter.report.processor.NormalizerSampleConsumer#stopProducing(): normalizer produced 2200 samples
2023-11-12 14:26:40,385 INFO o.a.j.r.p.CsvFileSampleSource: produce(): 2200 samples produced in 365ms on channel 0
2023-11-12 14:26:40,386 INFO o.a.j.r.d.ReportGenerator: Exporting data using exporter:'json' of className:'org.apache.jmeter.report.dashboard.JsonExporter'
2023-11-12 14:26:40,494 INFO o.a.j.r.d.JsonExporter: Found data for consumer statisticsSummary in context
2023-11-12 14:26:40,494 INFO o.a.j.r.d.JsonExporter: Creating statistics for overall
2023-11-12 14:26:40,494 INFO o.a.j.r.d.JsonExporter: Creating statistics for other transactions
2023-11-12 14:26:40,496 INFO o.a.j.r.d.JsonExporter: Checking output folder
2023-11-12 14:26:40,496 INFO o.a.j.r.d.JsonExporter: Writing statistics JSON to D:\Binar\result\Challenge\app\APPReportJmeyterHTML\statistics.json
2023-11-12 14:26:40,540 INFO o.a.j.r.d.ReportGenerator: Exporting data using exporter:'html' of className:'org.apache.jmeter.report.dashboard.HtmlTemplateExporter'
2023-11-12 14:26:40,544 INFO o.a.j.r.d.HtmlTemplateExporter: Will generate dashboard in folder: D:\Binar\result\Challenge\app\APPReportJmeyterHTML
2023-11-12 14:26:40,737 INFO o.a.j.r.d.HtmlTemplateExporter: Report will be generated in: D:\Binar\result\Challenge\app\APPReportJmeyterHTML, creating folder structure
2023-11-12 14:26:40,741 INFO o.a.j.r.d.TemplateVisitor: Copying folder from 'D:\apache-jmeter-5.6.2\apache-jmeter-5.6.2\bin\report-template' to 'D:\Binar\result\Challenge\app\APPReportJmeyterHTML', got message: D:\Binar\result\Challenge\app\APPReportJmeyterHTML, found non empty folder with following content [D:\Binar\result\Challenge\app\APPReportJmeyterHTML\statistics.json], will be ignored
